[6651:6651:0814/113635.137452:ERROR:zygote_communication_linux.cc(292)] Failed to send GetTerminationStatus message to zygote
[6651:6651:0814/113635.356058:ERROR:zygote_communication_linux.cc(292)] Failed to send GetTerminationStatus message to zygote
[6651:6651:0814/113635.357068:ERROR:child_process_launcher.cc(522)] Failed to launch child process
[6651:6651:0814/113637.105680:ERROR:child_process_launcher.cc(522)] Failed to launch child process
[I 11:41:13.947 LabApp] Writing notebook server cookie secret to /run/user/1000/jupyter/notebook_cookie_secret
[I 11:41:14.990 LabApp] JupyterLab extension loaded from /home/joaco/anaconda3/lib/python3.7/site-packages/jupyterlab
[I 11:41:14.991 LabApp] JupyterLab application directory is /home/joaco/anaconda3/share/jupyter/lab
[W 11:41:14.993 LabApp] JupyterLab server extension not enabled, manually loading...
[I 11:41:14.995 LabApp] JupyterLab extension loaded from /home/joaco/anaconda3/lib/python3.7/site-packages/jupyterlab
[I 11:41:14.996 LabApp] JupyterLab application directory is /home/joaco/anaconda3/share/jupyter/lab
[I 11:41:14.996 LabApp] Serving notebooks from local directory: /home/joaco/Desktop/joaco/facultad/BCI/Guías/GTP1
[I 11:41:14.996 LabApp] The Jupyter Notebook is running at:
[I 11:41:14.997 LabApp] http://localhost:8888/?token=aea604635dd8103c8a0fbaa4bc28114ee5ce5c3ca98d48d5
[I 11:41:14.997 LabApp] Use Control-C to stop this server and shut down all kernels (twice to skip confirmation).
[C 11:41:15.063 LabApp] 
    
    To access the notebook, open this file in a browser:
        file:///run/user/1000/jupyter/nbserver-6968-open.html
    Or copy and paste one of these URLs:
        http://localhost:8888/?token=aea604635dd8103c8a0fbaa4bc28114ee5ce5c3ca98d48d5
[W 11:41:17.461 LabApp] Could not determine jupyterlab build status without nodejs
[I 11:41:18.833 LabApp] Kernel started: dd552900-9af2-4594-ba19-481b14931f77
[I 11:41:20.118 LabApp] Adapting to protocol v5.1 for kernel dd552900-9af2-4594-ba19-481b14931f77
[I 11:41:20.119 LabApp] Adapting to protocol v5.1 for kernel dd552900-9af2-4594-ba19-481b14931f77
[I 11:42:22.868 LabApp] Saving file at /Guia-1.ipynb
[I 11:42:29.857 LabApp] Saving file at /Guia-1.ipynb
[I 11:42:42.100 LabApp] Saving file at /Guia-1.ipynb
[I 11:44:06.611 LabApp] Kernel interrupted: dd552900-9af2-4594-ba19-481b14931f77
[I 11:44:31.127 LabApp] Kernel interrupted: dd552900-9af2-4594-ba19-481b14931f77
[I 11:44:32.958 LabApp] Saving file at /Guia-1.ipynb
[I 11:46:29.918 LabApp] Saving file at /Guia-1.ipynb
[I 11:47:16.087 LabApp] Saving file at /Guia-1.ipynb
[I 11:48:11.096 LabApp] Saving file at /Guia-1.ipynb
[I 11:49:50.926 LabApp] Starting buffering for dd552900-9af2-4594-ba19-481b14931f77:93c796d3-845e-484f-a5f1-daec7fae3e57
[I 20:07:01.418 LabApp] The port 8888 is already in use, trying another port.
[I 20:07:01.421 LabApp] The port 8889 is already in use, trying another port.
[I 20:07:01.515 LabApp] JupyterLab extension loaded from /home/joaco/anaconda3/lib/python3.7/site-packages/jupyterlab
[I 20:07:01.516 LabApp] JupyterLab application directory is /home/joaco/anaconda3/share/jupyter/lab
[I 20:07:01.523 LabApp] Serving notebooks from local directory: /home/joaco/Desktop/joaco/facultad/BCI/Guías/GTP1
[I 20:07:01.523 LabApp] The Jupyter Notebook is running at:
[I 20:07:01.523 LabApp] http://localhost:8890/?token=fdc651b6cd4ab6814032ff063b83b34b21e7162b5536b10f
[I 20:07:01.523 LabApp]  or http://127.0.0.1:8890/?token=fdc651b6cd4ab6814032ff063b83b34b21e7162b5536b10f
[I 20:07:01.523 LabApp] Use Control-C to stop this server and shut down all kernels (twice to skip confirmation).
[C 20:07:01.736 LabApp] 
    
    To access the notebook, open this file in a browser:
        file:///home/joaco/.local/share/jupyter/runtime/nbserver-23906-open.html
    Or copy and paste one of these URLs:
        http://localhost:8890/?token=fdc651b6cd4ab6814032ff063b83b34b21e7162b5536b10f
     or http://127.0.0.1:8890/?token=fdc651b6cd4ab6814032ff063b83b34b21e7162b5536b10f
[W 20:07:09.977 LabApp] Could not determine jupyterlab build status without nodejs
[W 20:07:15.109 LabApp] Notebook Guia-1.ipynb is not trusted
[I 20:07:15.813 LabApp] Kernel started: 33fa5790-2991-4a03-8bf3-33bb1a3d9f1a
[I 20:07:16.878 LabApp] Adapting from protocol version 5.1 (kernel 33fa5790-2991-4a03-8bf3-33bb1a3d9f1a) to 5.3 (client).
[I 20:07:16.879 LabApp] Adapting from protocol version 5.1 (kernel 33fa5790-2991-4a03-8bf3-33bb1a3d9f1a) to 5.3 (client).
[I 20:09:15.442 LabApp] Saving file at /Guia-1.ipynb
[W 20:09:15.443 LabApp] Notebook Guia-1.ipynb is not trusted
[I 20:11:15.625 LabApp] Saving file at /Guia-1.ipynb
[W 20:11:15.625 LabApp] Notebook Guia-1.ipynb is not trusted
[I 20:11:43.162 LabApp] Saving file at /Guia-1.ipynb
[W 20:11:43.162 LabApp] Notebook Guia-1.ipynb is not trusted
[I 20:13:19.992 LabApp] Saving file at /Guia-1.ipynb
[W 20:13:19.993 LabApp] Notebook Guia-1.ipynb is not trusted
[I 20:14:29.894 LabApp] Saving file at /Guia-1.ipynb
[W 20:14:29.894 LabApp] Notebook Guia-1.ipynb is not trusted
[I 20:14:44.369 LabApp] Saving file at /Guia-1.ipynb
[W 20:14:44.369 LabApp] Notebook Guia-1.ipynb is not trusted
[I 20:15:01.374 LabApp] Saving file at /Guia-1.ipynb
[W 20:15:01.375 LabApp] Notebook Guia-1.ipynb is not trusted
[I 20:15:34.529 LabApp] Kernel interrupted: 33fa5790-2991-4a03-8bf3-33bb1a3d9f1a
[I 20:17:01.566 LabApp] Saving file at /Guia-1.ipynb
[I 20:18:05.107 LabApp] Saving file at /Guia-1.ipynb
[I 20:18:35.539 LabApp] Saving file at /Guia-1.ipynb
[I 20:18:47.735 LabApp] Saving file at /Guia-1.ipynb
[I 20:19:36.327 LabApp] Saving file at /Guia-1.ipynb
[I 20:21:11.140 LabApp] Saving file at /Guia-1.ipynb
[I 20:21:15.279 LabApp] Saving file at /Guia-1.ipynb
[I 20:21:28.043 LabApp] Saving file at /Guia-1.ipynb
[I 20:22:50.471 LabApp] Saving file at /Guia-1.ipynb
[I 20:23:01.037 LabApp] Saving file at /Guia-1.ipynb
[I 20:23:40.768 LabApp] Saving file at /Guia-1.ipynb
[I 20:23:59.588 LabApp] Saving file at /Guia-1.ipynb
[I 20:24:20.903 LabApp] Kernel interrupted: 33fa5790-2991-4a03-8bf3-33bb1a3d9f1a
[I 20:24:38.417 LabApp] Saving file at /Guia-1.ipynb
[I 20:25:02.093 LabApp] Saving file at /Guia-1.ipynb
[I 20:25:03.159 LabApp] Kernel interrupted: 33fa5790-2991-4a03-8bf3-33bb1a3d9f1a
[I 20:25:51.852 LabApp] Saving file at /Guia-1.ipynb
[I 20:25:53.338 LabApp] Kernel interrupted: 33fa5790-2991-4a03-8bf3-33bb1a3d9f1a
[I 20:27:52.053 LabApp] Saving file at /Guia-1.ipynb
[I 20:29:09.882 LabApp] Saving file at /Guia-1.ipynb
[I 20:29:23.645 LabApp] Saving file at /Guia-1.ipynb
[I 20:29:33.778 LabApp] Kernel interrupted: 33fa5790-2991-4a03-8bf3-33bb1a3d9f1a
[I 20:29:48.101 LabApp] Saving file at /Guia-1.ipynb
[I 20:31:48.391 LabApp] Saving file at /Guia-1.ipynb
[I 20:33:48.609 LabApp] Saving file at /Guia-1.ipynb
[I 20:34:19.168 LabApp] Saving file at /Guia-1.ipynb
[I 20:35:15.892 LabApp] Saving file at /Guia-1.ipynb
[I 20:37:16.145 LabApp] Saving file at /Guia-1.ipynb
[I 20:37:36.997 LabApp] Saving file at /Guia-1.ipynb
[I 20:38:31.845 LabApp] Saving file at /Guia-1.ipynb
[I 20:40:55.698 LabApp] Saving file at /Guia-1.ipynb
[I 20:41:36.646 LabApp] Adapting from protocol version 5.1 (kernel 33fa5790-2991-4a03-8bf3-33bb1a3d9f1a) to 5.3 (client).
[I 20:43:36.327 LabApp] Saving file at /Guia-1.ipynb
[I 20:44:06.353 LabApp] Saving file at /Guia-1.ipynb
[I 20:44:29.279 LabApp] Saving file at /Guia-1.ipynb
[I 20:46:29.495 LabApp] Saving file at /Guia-1.ipynb
[I 20:47:35.823 LabApp] Saving file at /Guia-1.ipynb
[I 20:49:36.090 LabApp] Saving file at /Guia-1.ipynb
[I 20:50:57.870 LabApp] Saving file at /Guia-1.ipynb
[I 20:52:22.521 LabApp] Saving file at /Guia-1.ipynb
[I 20:56:23.017 LabApp] Saving file at /Guia-1.ipynb
[I 20:58:23.274 LabApp] Saving file at /Guia-1.ipynb
[I 00:10:53.425 LabApp] Saving file at /Guia-1.ipynb
[I 00:12:54.036 LabApp] Saving file at /Guia-1.ipynb
[I 10:17:32.410 LabApp] Saving file at /Guia-1.ipynb
[I 10:19:32.838 LabApp] Saving file at /Guia-1.ipynb
[I 20:52:41.017 LabApp] Starting buffering for 33fa5790-2991-4a03-8bf3-33bb1a3d9f1a:726481c3-5e73-4ed2-bb32-abab337bf109
[I 16:49:09.545 LabApp] JupyterLab extension loaded from /home/joaco/anaconda3/lib/python3.7/site-packages/jupyterlab
[I 16:49:09.546 LabApp] JupyterLab application directory is /home/joaco/anaconda3/share/jupyter/lab
[I 16:49:09.554 LabApp] Serving notebooks from local directory: /home/joaco/Desktop/joaco/facultad/BCI/Guías/GTP1
[I 16:49:09.554 LabApp] The Jupyter Notebook is running at:
[I 16:49:09.554 LabApp] http://localhost:8888/?token=2b0bdfdabc3ecc5a57ebae7dc663d52c5558d61f7f2a1c2a
[I 16:49:09.555 LabApp]  or http://127.0.0.1:8888/?token=2b0bdfdabc3ecc5a57ebae7dc663d52c5558d61f7f2a1c2a
[I 16:49:09.555 LabApp] Use Control-C to stop this server and shut down all kernels (twice to skip confirmation).
[C 16:49:09.828 LabApp] 
    
    To access the notebook, open this file in a browser:
        file:///home/joaco/.local/share/jupyter/runtime/nbserver-2716-open.html
    Or copy and paste one of these URLs:
        http://localhost:8888/?token=2b0bdfdabc3ecc5a57ebae7dc663d52c5558d61f7f2a1c2a
     or http://127.0.0.1:8888/?token=2b0bdfdabc3ecc5a57ebae7dc663d52c5558d61f7f2a1c2a
[W 16:49:56.385 LabApp] Could not determine jupyterlab build status without nodejs
[W 16:49:57.024 LabApp] 404 GET /api/contents/Guia%202.ipynb?content=0&1566071397020 (::1): No such file or directory: Guia 2.ipynb
[W 16:49:57.025 LabApp] No such file or directory: Guia 2.ipynb
[W 16:49:57.026 LabApp] 404 GET /api/contents/Guia%202.ipynb?content=0&1566071397020 (::1) 1.99ms referer=http://localhost:8888/lab
[I 16:50:01.922 LabApp] Kernel started: 1ba138a3-b455-49d4-909e-f99e4481b0b3
[I 16:50:04.669 LabApp] Adapting from protocol version 5.1 (kernel 1ba138a3-b455-49d4-909e-f99e4481b0b3) to 5.3 (client).
[I 16:50:04.670 LabApp] Adapting from protocol version 5.1 (kernel 1ba138a3-b455-49d4-909e-f99e4481b0b3) to 5.3 (client).
[I 17:40:09.290 LabApp] Saving file at /Guia-1.ipynb
[I 17:40:31.215 LabApp] Saving file at /Guia-1.ipynb
[I 17:41:44.614 LabApp] Saving file at /Guia-1.ipynb
[I 17:42:40.563 LabApp] Saving file at /Guia-1.ipynb
[I 17:42:43.272 LabApp] Saving file at /Guia-1.ipynb
[I 17:43:13.907 LabApp] Saving file at /Guia-1.ipynb
[I 18:41:21.300 LabApp] Saving file at /Guia-1.ipynb
[I 18:42:14.164 LabApp] Saving file at /Guia-1.ipynb
[I 18:42:54.778 LabApp] Saving file at /Guia-1.ipynb
[I 18:44:22.452 LabApp] Saving file at /Guia-1.ipynb
[I 18:44:56.722 LabApp] Saving file at /Guia-1.ipynb
[I 18:45:37.380 LabApp] Saving file at /Guia-1.ipynb
[I 18:45:52.341 LabApp] Saving file at /Guia-1.ipynb
[I 18:46:52.829 LabApp] Saving file at /Guia-1.ipynb
[I 18:47:46.124 LabApp] Saving file at /Guia-1.ipynb
[I 18:48:23.304 LabApp] Saving file at /Guia-1.ipynb
[I 19:30:48.201 LabApp] Starting buffering for 1ba138a3-b455-49d4-909e-f99e4481b0b3:a7912f50-0948-4705-af5b-91dabb117ac3
